<?xml version="1.0" encoding="UTF-8"?>
<testng-results ignored="0" total="1" passed="1" failed="0" skipped="0">
  <reporter-output>
  </reporter-output>
  <suite started-at="2022-05-05T08:10:54 IST" name="Default suite" finished-at="2022-05-05T08:11:45 IST" duration-ms="51347">
    <groups>
    </groups>
    <test started-at="2022-05-05T08:10:54 IST" name="Default test" finished-at="2022-05-05T08:11:45 IST" duration-ms="51347">
      <class name="scripts.TestCase3">
        <test-method is-config="true" signature="openApp()[pri:0, instance:scripts.TestCase3@446293d]" started-at="2022-05-05T08:10:54 IST" name="openApp" finished-at="2022-05-05T08:11:09 IST" duration-ms="14538" status="PASS">
          <reporter-output>
          </reporter-output>
        </test-method> <!-- openApp -->
        <test-method signature="tc1()[pri:0, instance:scripts.TestCase3@446293d]" started-at="2022-05-05T08:11:09 IST" name="tc1" finished-at="2022-05-05T08:11:44 IST" duration-ms="35520" status="PASS">
          <reporter-output>
          </reporter-output>
        </test-method> <!-- tc1 -->
        <test-method is-config="true" signature="closeApp(org.testng.ITestResult)[pri:0, instance:scripts.TestCase3@446293d]" started-at="2022-05-05T08:11:44 IST" name="closeApp" finished-at="2022-05-05T08:11:45 IST" duration-ms="1131" status="PASS">
          <params>
            <param index="0">
              <value>
                <![CDATA[[TestResult name=tc1 status=SUCCESS method=TestCase3.tc1()[pri:0, instance:scripts.TestCase3@446293d] output={null}]]]>
              </value>
            </param>
          </params>
          <reporter-output>
          </reporter-output>
        </test-method> <!-- closeApp -->
      </class> <!-- scripts.TestCase3 -->
    </test> <!-- Default test -->
  </suite> <!-- Default suite -->
</testng-results>
